<?xml version="1.0" encoding="UTF-8" standalone="no"?><testsuite errors="2" failures="0" name="Realizar compra de articulo" skipped="0" tests="2" time="198.18" timestamp="2022-03-17 11:47:56"><testcase name="agregar articulo al carrito de compra"><error message="Cannot invoke &quot;net.serenitybdd.core.pages.WebElementFacade.click(net.serenitybdd.core.pages.ClickStrategy)&quot; because the return value of &quot;net.serenitybdd.screenplay.actions.ClickOnBy.resolveFor(net.serenitybdd.screenplay.Actor)&quot; is null" type="java.lang.NullPointerException">Cannot invoke "net.serenitybdd.core.pages.WebElementFacade.click(net.serenitybdd.core.pages.ClickStrategy)" because the return value of "net.serenitybdd.screenplay.actions.ClickOnBy.resolveFor(net.serenitybdd.screenplay.Actor)" is null</error><system-err>Cannot invoke "net.serenitybdd.core.pages.WebElementFacade.click(net.serenitybdd.core.pages.ClickStrategy)" because the return value of "net.serenitybdd.screenplay.actions.ClickOnBy.resolveFor(net.serenitybdd.screenplay.Actor)" is null&#13;
Task.AgregarProducto.performAs(AgregarProducto.java:26)&#13;
stepDefinitions.EjemploSemilleroSteps.elAgregaUnProductoAlCarrito(EjemploSemilleroSteps.java:54)&#13;
io.cucumber.java.Invoker.doInvoke(Invoker.java:66)&#13;
io.cucumber.java.Invoker.invoke(Invoker.java:24)&#13;
io.cucumber.java.AbstractGlueDefinition.invokeMethod(AbstractGlueDefinition.java:47)&#13;
io.cucumber.java.JavaStepDefinition.execute(JavaStepDefinition.java:29)&#13;
io.cucumber.core.runner.CoreStepDefinition.execute(CoreStepDefinition.java:66)&#13;
io.cucumber.core.runner.PickleStepDefinitionMatch.runStep(PickleStepDefinitionMatch.java:63)&#13;
io.cucumber.core.runner.TestStep.executeStep(TestStep.java:86)&#13;
io.cucumber.core.runner.TestStep.run(TestStep.java:57)&#13;
io.cucumber.core.runner.PickleStepTestStep.run(PickleStepTestStep.java:51)&#13;
io.cucumber.core.runner.TestCase.run(TestCase.java:95)&#13;
io.cucumber.core.runner.Runner.runPickle(Runner.java:75)&#13;
io.cucumber.core.runtime.CucumberExecutionContext.lambda$runTestCase$3(CucumberExecutionContext.java:151)&#13;
io.cucumber.core.runtime.RethrowingThrowableCollector.executeAndThrow(RethrowingThrowableCollector.java:23)&#13;
io.cucumber.core.runtime.CucumberExecutionContext.runTestCase(CucumberExecutionContext.java:151)&#13;
io.cucumber.junit.FeatureRunner.runChild(FeatureRunner.java:144)&#13;
io.cucumber.junit.FeatureRunner.runChild(FeatureRunner.java:28)&#13;
io.cucumber.junit.FeatureRunner.run(FeatureRunner.java:137)&#13;
io.cucumber.junit.CucumberSerenityRunner.runChild(CucumberSerenityRunner.java:259)&#13;
io.cucumber.junit.CucumberSerenityRunner.runChild(CucumberSerenityRunner.java:58)&#13;
</system-err></testcase><testcase name="agregar producto al carrito de compras"><error message="Cannot invoke &quot;net.serenitybdd.core.pages.WebElementFacade.click(net.serenitybdd.core.pages.ClickStrategy)&quot; because the return value of &quot;net.serenitybdd.screenplay.actions.ClickOnBy.resolveFor(net.serenitybdd.screenplay.Actor)&quot; is null" type="java.lang.NullPointerException">Cannot invoke "net.serenitybdd.core.pages.WebElementFacade.click(net.serenitybdd.core.pages.ClickStrategy)" because the return value of "net.serenitybdd.screenplay.actions.ClickOnBy.resolveFor(net.serenitybdd.screenplay.Actor)" is null</error><system-err>Cannot invoke "net.serenitybdd.core.pages.WebElementFacade.click(net.serenitybdd.core.pages.ClickStrategy)" because the return value of "net.serenitybdd.screenplay.actions.ClickOnBy.resolveFor(net.serenitybdd.screenplay.Actor)" is null&#13;
Task.AgregarProducto.performAs(AgregarProducto.java:26)&#13;
stepDefinitions.EjemploSemilleroSteps.elAgregaUnProductoAlCarrito(EjemploSemilleroSteps.java:67)&#13;
io.cucumber.java.Invoker.doInvoke(Invoker.java:66)&#13;
io.cucumber.java.Invoker.invoke(Invoker.java:24)&#13;
io.cucumber.java.AbstractGlueDefinition.invokeMethod(AbstractGlueDefinition.java:47)&#13;
io.cucumber.java.JavaStepDefinition.execute(JavaStepDefinition.java:29)&#13;
io.cucumber.core.runner.CoreStepDefinition.execute(CoreStepDefinition.java:66)&#13;
io.cucumber.core.runner.PickleStepDefinitionMatch.runStep(PickleStepDefinitionMatch.java:63)&#13;
io.cucumber.core.runner.TestStep.executeStep(TestStep.java:86)&#13;
io.cucumber.core.runner.TestStep.run(TestStep.java:57)&#13;
io.cucumber.core.runner.PickleStepTestStep.run(PickleStepTestStep.java:51)&#13;
io.cucumber.core.runner.TestCase.run(TestCase.java:95)&#13;
io.cucumber.core.runner.Runner.runPickle(Runner.java:75)&#13;
io.cucumber.core.runtime.CucumberExecutionContext.lambda$runTestCase$3(CucumberExecutionContext.java:151)&#13;
io.cucumber.core.runtime.RethrowingThrowableCollector.executeAndThrow(RethrowingThrowableCollector.java:23)&#13;
io.cucumber.core.runtime.CucumberExecutionContext.runTestCase(CucumberExecutionContext.java:151)&#13;
io.cucumber.junit.FeatureRunner.runChild(FeatureRunner.java:144)&#13;
io.cucumber.junit.FeatureRunner.runChild(FeatureRunner.java:28)&#13;
io.cucumber.junit.FeatureRunner.run(FeatureRunner.java:137)&#13;
io.cucumber.junit.CucumberSerenityRunner.runChild(CucumberSerenityRunner.java:259)&#13;
io.cucumber.junit.CucumberSerenityRunner.runChild(CucumberSerenityRunner.java:58)&#13;
</system-err></testcase></testsuite>